<?xml version="1.0" encoding="UTF-8"?>
<testsuite xmlns:xsi="http://www.w3.org/2001/XMLSchema-instance" xsi:noNamespaceSchemaLocation="https://maven.apache.org/surefire/maven-surefire-plugin/xsd/surefire-test-report.xsd" name="TestSuite" time="522.953" tests="8" errors="0" skipped="0" failures="0">
  <properties>
    <property name="java.specification.version" value="17"/>
    <property name="sun.cpu.isalist" value="amd64"/>
    <property name="sun.jnu.encoding" value="Cp1252"/>
    <property name="java.class.path" value="C:\apache-maven-3.9.1-bin\apache-maven-3.9.1\boot\plexus-classworlds-2.6.0.jar"/>
    <property name="java.vm.vendor" value="Oracle Corporation"/>
    <property name="sun.arch.data.model" value="64"/>
    <property name="user.variant" value=""/>
    <property name="java.vendor.url" value="https://java.oracle.com/"/>
    <property name="user.timezone" value="Asia/Calcutta"/>
    <property name="maven.conf" value="C:\apache-maven-3.9.1-bin\apache-maven-3.9.1/conf"/>
    <property name="java.vm.specification.version" value="17"/>
    <property name="os.name" value="Windows 10"/>
    <property name="sun.java.launcher" value="SUN_STANDARD"/>
    <property name="user.country" value="IN"/>
    <property name="sun.boot.library.path" value="C:\Program Files\Java\jdk-17.0.4.1\bin"/>
    <property name="sun.java.command" value="org.codehaus.plexus.classworlds.launcher.Launcher test"/>
    <property name="jdk.debug" value="release"/>
    <property name="maven.home" value="C:\apache-maven-3.9.1-bin\apache-maven-3.9.1"/>
    <property name="sun.cpu.endian" value="little"/>
    <property name="user.home" value="C:\Users\Pruthvirajsing"/>
    <property name="user.language" value="en"/>
    <property name="sun.stderr.encoding" value="cp437"/>
    <property name="java.specification.vendor" value="Oracle Corporation"/>
    <property name="java.version.date" value="2022-08-18"/>
    <property name="java.home" value="C:\Program Files\Java\jdk-17.0.4.1"/>
    <property name="file.separator" value="\"/>
    <property name="java.vm.compressedOopsMode" value="Zero based"/>
    <property name="line.separator" value="&#10;"/>
    <property name="sun.stdout.encoding" value="cp437"/>
    <property name="java.vm.specification.vendor" value="Oracle Corporation"/>
    <property name="java.specification.name" value="Java Platform API Specification"/>
    <property name="user.script" value=""/>
    <property name="sun.management.compiler" value="HotSpot 64-Bit Tiered Compilers"/>
    <property name="java.runtime.version" value="17.0.4.1+1-LTS-2"/>
    <property name="user.name" value="Pruthvirajsing"/>
    <property name="path.separator" value=";"/>
    <property name="os.version" value="10.0"/>
    <property name="java.runtime.name" value="Java(TM) SE Runtime Environment"/>
    <property name="file.encoding" value="Cp1252"/>
    <property name="guice.disable.misplaced.annotation.check" value="true"/>
    <property name="java.vm.name" value="Java HotSpot(TM) 64-Bit Server VM"/>
    <property name="java.vendor.url.bug" value="https://bugreport.java.com/bugreport/"/>
    <property name="java.io.tmpdir" value="C:\Users\PRUTHV~1\AppData\Local\Temp\"/>
    <property name="java.version" value="17.0.4.1"/>
    <property name="user.dir" value="C:\Com.daddariob\com.Daddariob"/>
    <property name="os.arch" value="amd64"/>
    <property name="maven.multiModuleProjectDirectory" value="C:\Com.daddariob\com.Daddariob"/>
    <property name="java.vm.specification.name" value="Java Virtual Machine Specification"/>
    <property name="sun.os.patch.level" value=""/>
    <property name="native.encoding" value="Cp1252"/>
    <property name="java.library.path" value="C:\Program Files\Java\jdk-17.0.4.1\bin;C:\Windows\Sun\Java\bin;C:\Windows\system32;C:\Windows;C:\ProgramData\DockerDesktop\version-bin;C:\Program Files\Java\jdk-17.0.4.1\bin;C:\Program Files\Common Files\Oracle\Java\javapath;C:\Program Files\Java\jdk-17.0.4.1\bin;C:\Users\Pruthvirajsing\Desktop\eclipse\eclipse.exe;C:\Users\Pruthvirajsing\Desktop\eclipse;C:\Program Files\Git\cmd;C:\ProgramData\chocolatey\bin;C:\Program Files\Microsoft VS Code\bin;C:\Users\Pruthvirajsing\AppData\Roaming\nvm;C:\Program Files\nodejs;C:\Users\Pruthvirajsing\AppData\Local\Programs\Python\Python310;C:\Users\Pruthvirajsing\AppData\Local\Programs\Python\Python310\Scripts;C:\Users\Pruthvirajsing\AppData\Local\Programs\Python\Python310\DLLs;C:\Users\Pruthvirajsing\AppData\Local\Programs\Python\Python310\Lib;C:\Users\Pruthvirajsing\AppData\Local\Programs\Python\Python310\libs;C:\Python310;C:\Python38;C:\Python310\Scripts;C:\Python310\DLLs;C:\Python310\Lib;C:\Python310\libs;C:\Program Files\nodejs\;C:\apache-maven-3.9.1-bin\apache-maven-3.9.1\bin;C:\allure-commandline-2.8.0\allure-2.8.0\bin;C:\Program Files (x86)\Microsoft SQL Server\160\DTS\Binn\;C:\Program Files\Azure Data Studio\bin;C:\Program Files (x86)\Microsoft SQL Server\150\Tools\Binn\;C:\Program Files\Microsoft SQL Server\150\Tools\Binn\;C:\Program Files (x86)\Microsoft SQL Server\150\DTS\Binn\;C:\Program Files\Microsoft SQL Server\150\DTS\Binn\;C:\Program Files\Microsoft SQL Server\Client SDK\ODBC\170\Tools\Binn\;C:\Program Files\dotnet\;c:\Program Files (x86)\Intel\Intel(R) Management Engine Components\DAL;c:\Program Files\Intel\Intel(R) Management Engine Components\DAL;C:\allure-2.17.0\bin;C:\Users\Pruthvirajsing\Downloads\jdk-17.0.4.1\bin;C:\Users\Pruthvirajsing\AppData\Local\Microsoft\WindowsApps;C:\Program Files\Docker\Docker\resources\bin;C:\Program Files\JetBrains\PyCharm Community Edition 2022.3.1\bin;C:\Users\Pruthvirajsing\AppData\Roaming\npm;C:\Users\Pruthvirajsing\.dotnet\tools;."/>
    <property name="java.vm.info" value="mixed mode, sharing"/>
    <property name="java.vendor" value="Oracle Corporation"/>
    <property name="java.vm.version" value="17.0.4.1+1-LTS-2"/>
    <property name="classworlds.conf" value="C:\apache-maven-3.9.1-bin\apache-maven-3.9.1\bin\m2.conf"/>
    <property name="sun.io.unicode.encoding" value="UnicodeLittle"/>
    <property name="library.jansi.path" value="C:\apache-maven-3.9.1-bin\apache-maven-3.9.1\lib\jansi-native"/>
    <property name="java.class.version" value="61.0"/>
  </properties>
  <testcase name="addToCartLogo" classname="Pkg.Test.AddProductIntoCart" time="30.544"/>
  <testcase name="deleteProductFromTheCart" classname="Pkg.Test.AddProductIntoCart" time="43.305"/>
  <testcase name="multipleVeriantsOfTheProduct" classname="Pkg.Test.AddProductIntoCart" time="38.995"/>
  <testcase name="paymentDetailsTC003" classname="Pkg.Test.AddProductIntoCart" time="34.268"/>
  <testcase name="productCartTC001" classname="Pkg.Test.AddProductIntoCart" time="71.248"/>
  <testcase name="productWithPackSize" classname="Pkg.Test.AddProductIntoCart" time="88.71"/>
  <testcase name="updateQuatity" classname="Pkg.Test.AddProductIntoCart" time="40.879"/>
  <testcase name="yourCartProductTC002" classname="Pkg.Test.AddProductIntoCart" time="62.503"/>
</testsuite>