<?xml version="1.0" encoding="UTF-8"?>
<!-- Generated by org.testng.reporters.JUnitReportReporter -->
<testsuite hostname="IB-Pune-LAP-356" failures="0" tests="5" name="Pkg.Test.RegisterUser" time="422.372" errors="0" timestamp="2023-09-11T09:21:29 IST" skipped="0">
  <testcase classname="Pkg.Test.RegisterUser" name="sixHundredPoints" time="130.367"/>
  <system-out/>
  <testcase classname="Pkg.Test.RegisterUser" name="fiveHundredPoints" time="98.974"/>
  <system-out/>
  <testcase classname="Pkg.Test.RegisterUser" name="hundredPoints" time="61.017"/>
  <system-out/>
  <testcase classname="Pkg.Test.RegisterUser" name="myAccountProfile" time="64.655"/>
  <system-out/>
  <testcase classname="Pkg.Test.RegisterUser" name="loginTestAfterActiveAccount" time="67.359"/>
  <system-out/>
</testsuite> <!-- Pkg.Test.RegisterUser -->
