<?xml version="1.0" encoding="UTF-8"?>
<!-- Generated by org.testng.reporters.JUnitReportReporter -->
<testsuite hostname="IB-Pune-LAP-356" failures="0" tests="5" name="Pkg.Test.RegisterUser" time="327.989" errors="0" timestamp="2023-09-08T11:43:02 IST" skipped="0">
  <testcase classname="Pkg.Test.RegisterUser" name="sixHundredPoints" time="91.335"/>
  <system-out/>
  <testcase classname="Pkg.Test.RegisterUser" name="fiveHundredPoints" time="79.010"/>
  <system-out/>
  <testcase classname="Pkg.Test.RegisterUser" name="myAccountProfile" time="61.505"/>
  <system-out/>
  <testcase classname="Pkg.Test.RegisterUser" name="hundredPoints" time="52.860"/>
  <system-out/>
  <testcase classname="Pkg.Test.RegisterUser" name="loginTestAfterActiveAccount" time="43.279"/>
  <system-out/>
</testsuite> <!-- Pkg.Test.RegisterUser -->
