<?xml version="1.0" encoding="UTF-8"?>
<!-- Generated by org.testng.reporters.JUnitReportReporter -->
<testsuite hostname="IB-Pune-LAP-356" failures="0" tests="8" name="Pkg.Test.AddProductIntoCart" time="516.754" errors="0" timestamp="2023-09-08T17:52:48 IST" skipped="0">
  <testcase classname="Pkg.Test.AddProductIntoCart" name="paymentDetailsTC003" time="43.330"/>
  <system-out/>
  <testcase classname="Pkg.Test.AddProductIntoCart" name="productCartTC001" time="92.591"/>
  <system-out/>
  <testcase classname="Pkg.Test.AddProductIntoCart" name="yourCartProductTC002" time="70.377"/>
  <system-out/>
  <testcase classname="Pkg.Test.AddProductIntoCart" name="updateQuatity" time="54.680"/>
  <system-out/>
  <testcase classname="Pkg.Test.AddProductIntoCart" name="deleteProductFromTheCart" time="56.904"/>
  <system-out/>
  <testcase classname="Pkg.Test.AddProductIntoCart" name="addToCartLogo" time="38.818"/>
  <system-out/>
  <testcase classname="Pkg.Test.AddProductIntoCart" name="multipleVeriantsOfTheProduct" time="59.362"/>
  <system-out/>
  <testcase classname="Pkg.Test.AddProductIntoCart" name="productWithPackSize" time="100.692"/>
  <system-out/>
</testsuite> <!-- Pkg.Test.AddProductIntoCart -->
